Fri 19 Aug 2022 12:23:51 PM UTC: 
 tests:  0|6
total_score: 0/70
8baea47
Fri 19 Aug 2022 12:30:12 PM UTC: 
 list.c | 10 ++++++++--
 1 file changed, 8 insertions(+), 2 deletions(-)
In file included from test.c:5:
list.c: In function ‘createList’:
list.c:32:5: error: parameter ‘l’ is initialized
   32 |     List * l = (List *) malloc(sizeof(List));
      |     ^~~~
list.c:34:5: error: expected declaration specifiers before ‘l’
   34 |     l->head = NULL;
      |     ^
list.c:35:5: error: expected declaration specifiers before ‘l’
   35 |     l->tail = NULL;
      |     ^
list.c:36:5: error: expected declaration specifiers before ‘l’
   36 |     l->current = NULL;
      |     ^
list.c:38:5: error: expected declaration specifiers before ‘return’
   38 |     return l;
      |     ^~~~~~
list.c:39:1: error: expected declaration specifiers before ‘}’ token
   39 | }
      | ^
list.c:41:31: error: expected ‘=’, ‘,’, ‘;’, ‘asm’ or ‘__attribute__’ before ‘{’ token
   41 | void * firstList(List * list) {
      |                               ^
list.c:45:30: error: expected ‘=’, ‘,’, ‘;’, ‘asm’ or ‘__attribute__’ before ‘{’ token
   45 | void * nextList(List * list) {
      |                              ^
list.c:49:30: error: expected ‘=’, ‘,’, ‘;’, ‘asm’ or ‘__attribute__’ before ‘{’ token
   49 | void * lastList(List * list) {
      |                              ^
list.c:53:30: error: expected ‘=’, ‘,’, ‘;’, ‘asm’ or ‘__attribute__’ before ‘{’ token
   53 | void * prevList(List * list) {
      |                              ^
list.c:57:42: error: expected ‘=’, ‘,’, ‘;’, ‘asm’ or ‘__attribute__’ before ‘{’ token
   57 | void pushFront(List * list, void * data) {
      |                                          ^
list.c:60:41: error: expected ‘=’, ‘,’, ‘;’, ‘asm’ or ‘__attribute__’ before ‘{’ token
   60 | void pushBack(List * list, void * data) {
      |                                         ^
list.c:65:44: error: expected ‘=’, ‘,’, ‘;’, ‘asm’ or ‘__attribute__’ before ‘{’ token
   65 | void pushCurrent(List * list, void * data) {
      |                                            ^
list.c:68:30: error: expected ‘=’, ‘,’, ‘;’, ‘asm’ or ‘__attribute__’ before ‘{’ token
   68 | void * popFront(List * list) {
      |                              ^
list.c:73:29: error: expected ‘=’, ‘,’, ‘;’, ‘asm’ or ‘__attribute__’ before ‘{’ token
   73 | void * popBack(List * list) {
      |                             ^
list.c:78:32: error: expected ‘=’, ‘,’, ‘;’, ‘asm’ or ‘__attribute__’ before ‘{’ token
   78 | void * popCurrent(List * list) {
      |                                ^
list.c:82:29: error: expected ‘=’, ‘,’, ‘;’, ‘asm’ or ‘__attribute__’ before ‘{’ token
   82 | void cleanList(List * list) {
      |                             ^
test.c:9:1: error: parameter ‘test_id’ is initialized
    9 | int test_id = -1;
      | ^~~
test.c:12:14: error: expected ‘=’, ‘,’, ‘;’, ‘asm’ or ‘__attribute__’ before ‘{’ token
   12 | int success(){
      |              ^
test.c:17:24: error: expected ‘=’, ‘,’, ‘;’, ‘asm’ or ‘__attribute__’ before ‘{’ token
   17 | void err_msg(char* msg){
      |                        ^
test.c:24:23: error: expected ‘=’, ‘,’, ‘;’, ‘asm’ or ‘__attribute__’ before ‘{’ token
   24 | void ok_msg(char* msg){
      |                       ^
test.c:30:25: error: expected ‘=’, ‘,’, ‘;’, ‘asm’ or ‘__attribute__’ before ‘{’ token
   30 | void info_msg(char* msg){
      |                         ^
test.c:35:75: error: expected ‘=’, ‘,’, ‘;’, ‘asm’ or ‘__attribute__’ before ‘{’ token
   35 | int test_suite(int(*test)(), char* msg, int max_score, int id, int req_id){
      |                                                                           ^
test.c:51:26: error: expected ‘=’, ‘,’, ‘;’, ‘asm’ or ‘__attribute__’ before ‘{’ token
   51 | List* initialize_exList(){
      |                          ^
test.c:73:29: error: expected ‘=’, ‘,’, ‘;’, ‘asm’ or ‘__attribute__’ before ‘{’ token
   73 | List* initialize_emptyList(){
      |                             ^
test.c:83:18: error: expected ‘=’, ‘,’, ‘;’, ‘asm’ or ‘__attribute__’ before ‘{’ token
   83 | int test_create(){
      |                  ^
test.c:98:22: error: expected ‘=’, ‘,’, ‘;’, ‘asm’ or ‘__attribute__’ before ‘{’ token
   98 | int test_first_next(){
      |                      ^
test.c:171:21: error: expected ‘=’, ‘,’, ‘;’, ‘asm’ or ‘__attribute__’ before ‘{’ token
  171 | int test_last_prev(){
      |                     ^
test.c:233:21: error: expected ‘=’, ‘,’, ‘;’, ‘asm’ or ‘__attribute__’ before ‘{’ token
  233 | int test_pushfront(){
      |                     ^
test.c:298:23: error: expected ‘=’, ‘,’, ‘;’, ‘asm’ or ‘__attribute__’ before ‘{’ token
  298 | int test_pushcurrent(){
      |                       ^
test.c:357:22: error: expected ‘=’, ‘,’, ‘;’, ‘asm’ or ‘__attribute__’ before ‘{’ token
  357 | int test_popcurrent(){
      |                      ^
test.c:448:36: error: expected ‘=’, ‘,’, ‘;’, ‘asm’ or ‘__attribute__’ before ‘{’ token
  448 | int main( int argc, char *argv[] ) {
      |                                    ^
test.c:9:5: error: declaration for parameter ‘test_id’ but no such parameter
    9 | int test_id = -1;
      |     ^~~~~~~
test.c:8:6: error: declaration for parameter ‘msg’ but no such parameter
    8 | char msg[300];
      |      ^~~
In file included from test.c:5:
list.c:32:12: error: declaration for parameter ‘l’ but no such parameter
   32 |     List * l = (List *) malloc(sizeof(List));
      |            ^
test.c:468:1: error: number of arguments doesn’t match prototype
  468 | }
      | ^
In file included from list.c:4,
                 from test.c:5:
list.h:6:8: error: prototype declaration
    6 | List * createList(void);
      |        ^~~~~~~~~~
test.c:468: error: expected ‘{’ at end of input
  468 | }
      | 
test.c:468: error: control reaches end of non-void function [-Werror=return-type]
  468 | }
      | 
cc1: all warnings being treated as errors
Compilation failed
3948b1d
Fri 19 Aug 2022 12:30:25 PM UTC: 
 list.c | 2 +-
 1 file changed, 1 insertion(+), 1 deletion(-)
 tests:  1|5
total_score: 10/70
13d60b4
Fri 19 Aug 2022 12:34:35 PM UTC: 
 list.c | 6 +++++-
 1 file changed, 5 insertions(+), 1 deletion(-)
In file included from test.c:5:
list.c: In function ‘firstList’:
list.c:44:5: error: assignment to ‘int *’ from incompatible pointer type ‘Node *’ [-Werror=incompatible-pointer-types]
   44 |   x = list->head;
      |     ^
list.c:45:17: error: assignment to ‘Node *’ from incompatible pointer type ‘int *’ [-Werror=incompatible-pointer-types]
   45 |   list->current = x;
      |                 ^
cc1: all warnings being treated as errors
Compilation failed
3d1efe6
Fri 19 Aug 2022 12:35:05 PM UTC: 
 list.c | 2 +-
 1 file changed, 1 insertion(+), 1 deletion(-)
In file included from test.c:5:
list.c: In function ‘firstList’:
list.c:44:7: error: implicit declaration of function ‘first’ [-Werror=implicit-function-declaration]
   44 |   x = first(list);
      |       ^~~~~
list.c:44:5: error: assignment to ‘int *’ from ‘int’ makes pointer from integer without a cast [-Werror=int-conversion]
   44 |   x = first(list);
      |     ^
list.c:45:17: error: assignment to ‘Node *’ from incompatible pointer type ‘int *’ [-Werror=incompatible-pointer-types]
   45 |   list->current = x;
      |                 ^
cc1: all warnings being treated as errors
Compilation failed
041105e
Fri 19 Aug 2022 12:38:58 PM UTC: 
 list.c | 8 +++-----
 1 file changed, 3 insertions(+), 5 deletions(-)
 tests:  0|0
89f12da
Fri 19 Aug 2022 12:39:33 PM UTC: 
 list.c | 5 ++---
 1 file changed, 2 insertions(+), 3 deletions(-)
In file included from test.c:5:
list.c: In function ‘firstList’:
list.c:43:28: error: expected ‘;’ before ‘)’ token
   43 |   return (list)->head->data);
      |                            ^
      |                            ;
list.c:43:28: error: expected statement before ‘)’ token
Compilation failed
e54054d
Fri 19 Aug 2022 12:39:42 PM UTC: 
 list.c | 2 +-
 1 file changed, 1 insertion(+), 1 deletion(-)
 tests:  0|0
5b4efc6
Fri 19 Aug 2022 12:40:10 PM UTC: 
 list.c | 5 +++--
 1 file changed, 3 insertions(+), 2 deletions(-)
 tests:  2|5
total_score: 15/70
1ec79a6
Fri 19 Aug 2022 12:41:23 PM UTC: 
 list.c | 4 +++-
 1 file changed, 3 insertions(+), 1 deletion(-)
 tests:  2|5
total_score: 15/70
022db50
Fri 19 Aug 2022 12:41:39 PM UTC: 
 list.c | 2 +-
 1 file changed, 1 insertion(+), 1 deletion(-)
 tests:  2|5
total_score: 15/70
631e01b
Fri 19 Aug 2022 12:42:15 PM UTC: 
 list.c | 2 +-
 1 file changed, 1 insertion(+), 1 deletion(-)
 tests:  0|0
1f0db7a
Fri 19 Aug 2022 12:44:34 PM UTC: 
 list.c | 5 +++--
 1 file changed, 3 insertions(+), 2 deletions(-)
In file included from test.c:5:
list.c: In function ‘nextList’:
list.c:49:13: error: initialization of ‘int *’ from incompatible pointer type ‘Node *’ [-Werror=incompatible-pointer-types]
   49 |   int * x = list->current->next;
      |             ^~~~
list.c:51:11: error: request for member ‘data’ in something not a structure or union
   51 |   return x->data;
      |           ^~
list.c:52:1: error: control reaches end of non-void function [-Werror=return-type]
   52 | }
      | ^
cc1: all warnings being treated as errors
Compilation failed
7c6584b
Fri 19 Aug 2022 12:44:56 PM UTC: 
 list.c | 2 +-
 1 file changed, 1 insertion(+), 1 deletion(-)
In file included from test.c:5:
list.c: In function ‘nextList’:
list.c:49:13: error: initialization of ‘int *’ from incompatible pointer type ‘Node *’ [-Werror=incompatible-pointer-types]
   49 |   int * x = list->current->next;
      |             ^~~~
list.c:49:9: error: unused variable ‘x’ [-Werror=unused-variable]
   49 |   int * x = list->current->next;
      |         ^
cc1: all warnings being treated as errors
Compilation failed
6f382dd
Fri 19 Aug 2022 12:45:04 PM UTC: 
 list.c | 1 -
 1 file changed, 1 deletion(-)
 tests:  2|5
total_score: 15/70
47d4b31
Fri 19 Aug 2022 12:45:41 PM UTC: 
 list.c | 2 +-
 1 file changed, 1 insertion(+), 1 deletion(-)
 tests:  2|5
total_score: 15/70
d563e16
Fri 19 Aug 2022 12:46:21 PM UTC: 
 list.c | 2 +-
 1 file changed, 1 insertion(+), 1 deletion(-)
 tests:  2|5
total_score: 15/70
41cbf80
Fri 19 Aug 2022 12:46:33 PM UTC: 
 list.c | 2 +-
 1 file changed, 1 insertion(+), 1 deletion(-)
 tests:  0|0
a10f11e
Fri 19 Aug 2022 12:46:46 PM UTC: 
 list.c | 2 +-
 1 file changed, 1 insertion(+), 1 deletion(-)
In file included from test.c:5:
list.c: In function ‘nextList’:
list.c:50:23: error: expected ‘;’ before ‘}’ token
   50 |   return list->current
      |                       ^
      |                       ;
   51 | }
      | ~                      
Compilation failed
b922922
Fri 19 Aug 2022 12:46:53 PM UTC: 
 list.c | 2 +-
 1 file changed, 1 insertion(+), 1 deletion(-)
 tests:  2|5
total_score: 15/70
7e3a0e6
Fri 19 Aug 2022 12:51:52 PM UTC: 
 list.c | 7 +++++--
 1 file changed, 5 insertions(+), 2 deletions(-)
 tests:  0|0
6cb098e
Fri 19 Aug 2022 12:52:04 PM UTC: 
 list.c | 2 +-
 1 file changed, 1 insertion(+), 1 deletion(-)
 tests:  2|5
total_score: 15/70
849ab61
Fri 19 Aug 2022 12:56:25 PM UTC: 
 list.c | 3 ++-
 1 file changed, 2 insertions(+), 1 deletion(-)
 tests:  0|0
d429928
Fri 19 Aug 2022 12:56:32 PM UTC: 
 list.c | 1 -
 1 file changed, 1 deletion(-)
 tests:  2|5
total_score: 15/70
80b683d
Fri 19 Aug 2022 12:57:13 PM UTC: 
 list.c | 2 +-
 1 file changed, 1 insertion(+), 1 deletion(-)
 tests:  0|0
aeb920d
Fri 19 Aug 2022 12:57:51 PM UTC: 
 list.c | 2 +-
 1 file changed, 1 insertion(+), 1 deletion(-)
 tests:  0|0
9fae335
Fri 19 Aug 2022 12:59:39 PM UTC: 
 list.c | 2 +-
 1 file changed, 1 insertion(+), 1 deletion(-)
In file included from test.c:5:
list.c: In function ‘nextList’:
list.c:52:23: error: ‘List’ {aka ‘struct List’} has no member named ‘next’
   52 |   list->current = list->next;
      |                       ^~
list.c:51:10: error: unused variable ‘x’ [-Werror=unused-variable]
   51 |   Node * x = list->current;
      |          ^
cc1: all warnings being treated as errors
Compilation failed
b613201
Fri 19 Aug 2022 12:59:49 PM UTC: 
 list.c | 2 +-
 1 file changed, 1 insertion(+), 1 deletion(-)
In file included from test.c:5:
list.c: In function ‘nextList’:
list.c:52:23: error: ‘List’ {aka ‘struct List’} has no member named ‘next’
   52 |   list->current = list->next;
      |                       ^~
Compilation failed
1a4013b
Fri 19 Aug 2022 01:00:03 PM UTC: 
 list.c | 2 +-
 1 file changed, 1 insertion(+), 1 deletion(-)
 tests:  0|0
3d47dc2
Fri 19 Aug 2022 01:00:19 PM UTC: 
 list.c | 4 ++--
 1 file changed, 2 insertions(+), 2 deletions(-)
 tests:  0|0
b2f2e95
Fri 19 Aug 2022 01:00:35 PM UTC: 
 list.c | 2 +-
 1 file changed, 1 insertion(+), 1 deletion(-)
 tests:  2|5
total_score: 15/70
6cbbab7
Fri 19 Aug 2022 01:01:09 PM UTC: 
 list.c | 2 +-
 1 file changed, 1 insertion(+), 1 deletion(-)
 tests:  2|5
total_score: 15/70
42fd713
Fri 19 Aug 2022 01:03:09 PM UTC: 
 list.c | 4 ++--
 1 file changed, 2 insertions(+), 2 deletions(-)
 tests:  0|0
c458180
Fri 19 Aug 2022 01:03:53 PM UTC: 
 list.c | 2 --
 1 file changed, 2 deletions(-)
 tests:  0|0
e66e396
Fri 19 Aug 2022 01:04:05 PM UTC: 
 list.c | 4 ++--
 1 file changed, 2 insertions(+), 2 deletions(-)
 tests:  0|0
7403588
Fri 19 Aug 2022 01:04:15 PM UTC: 
 list.c | 2 +-
 1 file changed, 1 insertion(+), 1 deletion(-)
 tests:  2|5
total_score: 15/70
b7a9343
Fri 19 Aug 2022 01:05:08 PM UTC: 
 list.c | 5 ++---
 1 file changed, 2 insertions(+), 3 deletions(-)
 tests:  0|0
1146e6d
Fri 19 Aug 2022 01:06:41 PM UTC: 
 list.c | 1 +
 1 file changed, 1 insertion(+)
 tests:  5|4
total_score: 25/70
79524f5
Fri 19 Aug 2022 01:09:05 PM UTC: 
 list.c | 4 +++-
 1 file changed, 3 insertions(+), 1 deletion(-)
In file included from test.c:5:
list.c: In function ‘lastList’:
list.c:55:11: error: ‘List’ {aka ‘struct List’} has no member named ‘last’
   55 |   if(!list->last) return NULL;
      |           ^~
list.c:56:23: error: ‘List’ {aka ‘struct List’} has no member named ‘last’
   56 |   list->current = list->last;
      |                       ^~
list.c:57:14: error: ‘List’ {aka ‘struct List’} has no member named ‘last’
   57 |   return list->last->data;
      |              ^~
list.c:58:1: error: control reaches end of non-void function [-Werror=return-type]
   58 | }
      | ^
cc1: all warnings being treated as errors
Compilation failed
d03fb7f
Fri 19 Aug 2022 01:09:26 PM UTC: 
 list.c | 6 +++---
 1 file changed, 3 insertions(+), 3 deletions(-)
 tests:  6|4
total_score: 25/70
76284d5
Fri 19 Aug 2022 01:10:41 PM UTC: 
 list.c | 4 +++-
 1 file changed, 3 insertions(+), 1 deletion(-)
 tests:  9|3
total_score: 35/70
641c993
Fri 19 Aug 2022 01:11:09 PM UTC: 
 list.c | 2 +-
 1 file changed, 1 insertion(+), 1 deletion(-)
 tests:  9|3
total_score: 35/70
7acff04
Fri 19 Aug 2022 01:16:40 PM UTC: 
 list.c | 11 +++++++++++
 1 file changed, 11 insertions(+)
In file included from test.c:5:
list.c: In function ‘pushFront’:
list.c:67:20: error: ‘return’ with a value, in function returning void [-Werror=return-type]
   67 |   if(!list) return NULL;
      |                    ^~~~
list.c:66:6: note: declared here
   66 | void pushFront(List * list, void * data) {
      |      ^~~~~~~~~
cc1: all warnings being treated as errors
Compilation failed
ed98c11
Fri 19 Aug 2022 01:17:02 PM UTC: 
 list.c | 1 -
 1 file changed, 1 deletion(-)
 tests:  10|2
total_score: 45/70
50de6ca
Fri 19 Aug 2022 01:20:36 PM UTC: 
 list.c | 6 +++---
 1 file changed, 3 insertions(+), 3 deletions(-)
 tests:  0|0
b02445d
Fri 19 Aug 2022 01:21:09 PM UTC: 
 list.c | 7 +++----
 1 file changed, 3 insertions(+), 4 deletions(-)
 tests:  10|2
total_score: 45/70
4804463
Fri 19 Aug 2022 01:24:38 PM UTC: 
 list.c | 3 ++-
 1 file changed, 2 insertions(+), 1 deletion(-)
 tests:  10|2
total_score: 45/70
ad1ecdf
Sat 20 Aug 2022 12:47:22 AM UTC: 
 list.c | 10 ++++++++--
 1 file changed, 8 insertions(+), 2 deletions(-)
 tests:  0|0
b507327
Sat 20 Aug 2022 12:49:29 AM UTC: 
 list.c | 2 +-
 1 file changed, 1 insertion(+), 1 deletion(-)
 tests:  0|0
2d7ad2d
Sat 20 Aug 2022 12:50:17 AM UTC: 
 list.c | 2 +-
 1 file changed, 1 insertion(+), 1 deletion(-)
 tests:  0|0
6a9217c
Sun 21 Aug 2022 03:15:16 PM UTC: 
 list.c | 3 ++-
 1 file changed, 2 insertions(+), 1 deletion(-)
 tests:  0|0
d840d84
Sun 21 Aug 2022 03:17:48 PM UTC: 
 list.c | 9 +++++++--
 1 file changed, 7 insertions(+), 2 deletions(-)
 tests:  0|0
a2fa8d4
Sun 21 Aug 2022 03:18:17 PM UTC: 
 list.c | 4 ++--
 1 file changed, 2 insertions(+), 2 deletions(-)
 tests:  0|0
fe57f00
Sun 21 Aug 2022 03:18:36 PM UTC: 
 list.c | 6 +++---
 1 file changed, 3 insertions(+), 3 deletions(-)
 tests:  0|0
9337761
Sun 21 Aug 2022 03:20:43 PM UTC: 
 list.c | 10 ++++++++--
 1 file changed, 8 insertions(+), 2 deletions(-)
 tests:  0|0
f1bf88e
Sun 21 Aug 2022 03:20:56 PM UTC: 
 list.c | 4 ++--
 1 file changed, 2 insertions(+), 2 deletions(-)
 tests:  10|2
total_score: 45/70
6485ae1
Sun 21 Aug 2022 03:30:17 PM UTC: 
 list.c | 13 +++++++++++++
 1 file changed, 13 insertions(+)
 tests:  10|2
total_score: 45/70
56baae8
Sun 21 Aug 2022 03:30:39 PM UTC: 
 list.c | 4 ++--
 1 file changed, 2 insertions(+), 2 deletions(-)
In file included from test.c:5:
list.c: In function ‘pushCurrent’:
list.c:88:17: error: ‘tail’ undeclared (first use in this function)
   88 |   if(current == tail) {
      |                 ^~~~
list.c:88:17: note: each undeclared identifier is reported only once for each function it appears in
Compilation failed
e382f3d
Sun 21 Aug 2022 03:30:46 PM UTC: 
 list.c | 2 +-
 1 file changed, 1 insertion(+), 1 deletion(-)
 tests:  11|1
total_score: 55/70
c42faf6
Sun 21 Aug 2022 03:31:13 PM UTC: 
 list.c | 6 +++---
 1 file changed, 3 insertions(+), 3 deletions(-)
In file included from test.c:5:
list.c: In function ‘pushCurrent’:
list.c:91:13: error: incompatible types when assigning to type ‘Node’ from type ‘Node *’
   91 |     *tail = new;
      |             ^~~
Compilation failed
7a8a2e2
Sun 21 Aug 2022 03:31:19 PM UTC: 
 list.c | 2 +-
 1 file changed, 1 insertion(+), 1 deletion(-)
 tests:  10|2
total_score: 45/70
0502f37
Sun 21 Aug 2022 03:32:20 PM UTC: 
 list.c | 5 ++---
 1 file changed, 2 insertions(+), 3 deletions(-)
 tests:  11|1
total_score: 55/70
9806169
Sun 21 Aug 2022 03:33:20 PM UTC: 
 list.c | 12 ++++++------
 1 file changed, 6 insertions(+), 6 deletions(-)
 tests:  11|1
total_score: 55/70
f82696d
Sun 21 Aug 2022 09:28:31 PM UTC: 
 list.c | 18 ++++++++----------
 1 file changed, 8 insertions(+), 10 deletions(-)
 tests:  11|1
total_score: 55/70
7c1ade9
Sun 21 Aug 2022 09:37:50 PM UTC: 
 list.c | 24 +++++++++++++-----------
 1 file changed, 13 insertions(+), 11 deletions(-)
 tests:  0|0
ccb6893
Sun 21 Aug 2022 09:38:41 PM UTC: 
 list.c | 2 +-
 1 file changed, 1 insertion(+), 1 deletion(-)
 tests:  0|0
f8c8706
Sun 21 Aug 2022 09:39:50 PM UTC: 
 list.c | 8 +++++---
 1 file changed, 5 insertions(+), 3 deletions(-)
 tests:  0|0
95e0897
Sun 21 Aug 2022 09:41:27 PM UTC: 
 list.c | 2 +-
 1 file changed, 1 insertion(+), 1 deletion(-)
 tests:  0|0
1dd090d
Sun 21 Aug 2022 09:41:47 PM UTC: 
 list.c | 4 ++--
 1 file changed, 2 insertions(+), 2 deletions(-)
 tests:  11|1
total_score: 55/70
4e7185d
Mon 22 Aug 2022 02:29:12 AM UTC: 
 list.c | 11 +++++------
 1 file changed, 5 insertions(+), 6 deletions(-)
 tests:  11|1
total_score: 55/70
d709681
Mon 22 Aug 2022 02:37:13 AM UTC: 
 list.c | 4 ++--
 1 file changed, 2 insertions(+), 2 deletions(-)
 tests:  10|2
total_score: 45/70
f1551fa
Mon 22 Aug 2022 02:38:45 AM UTC: 
 list.c | 4 ++--
 1 file changed, 2 insertions(+), 2 deletions(-)
 tests:  11|1
total_score: 55/70
1a930de
Mon 22 Aug 2022 02:43:04 AM UTC: 
 list.c | 9 ++++-----
 1 file changed, 4 insertions(+), 5 deletions(-)
In file included from test.c:5:
list.c: In function ‘popCurrent’:
list.c:127:18: error: expected expression before ‘/’ token
  127 |   free(current);*/
      |                  ^
list.c:129:1: error: control reaches end of non-void function [-Werror=return-type]
  129 | }
      | ^
cc1: all warnings being treated as errors
Compilation failed
a431e9a
Mon 22 Aug 2022 02:43:23 AM UTC: 
 list.c | 2 +-
 1 file changed, 1 insertion(+), 1 deletion(-)
 tests:  11|1
total_score: 55/70
1acd6a1
Mon 22 Aug 2022 02:55:00 AM UTC: 
 list.c | 28 ++++++++++++----------------
 1 file changed, 12 insertions(+), 16 deletions(-)
In file included from test.c:5:
list.c: In function ‘createList’:
list.c:38:12: error: ‘l’ undeclared (first use in this function)
   38 |     return l;
      |            ^
list.c:38:12: note: each undeclared identifier is reported only once for each function it appears in
list.c:39:1: error: control reaches end of non-void function [-Werror=return-type]
   39 | }
      | ^
cc1: all warnings being treated as errors
Compilation failed
9ecb500
Mon 22 Aug 2022 03:04:09 AM UTC: 
 list.c | 11 ++++++-----
 1 file changed, 6 insertions(+), 5 deletions(-)
In file included from test.c:5:
list.c: In function ‘createList’:
list.c:38:12: error: ‘l’ undeclared (first use in this function)
   38 |     return l;
      |            ^
list.c:38:12: note: each undeclared identifier is reported only once for each function it appears in
list.c: In function ‘popCurrent’:
list.c:108:8: error: variable or field ‘data’ declared void
  108 |   void data = current->data
      |        ^~~~
list.c:108:15: error: initialization of ‘int’ from ‘void *’ makes integer from pointer without a cast [-Werror=int-conversion]
  108 |   void data = current->data
      |               ^~~~~~~
list.c:110:3: error: expected ‘,’ or ‘;’ before ‘if’
  110 |   if(!current) return NULL;
      |   ^~
list.c:108:8: error: unused variable ‘data’ [-Werror=unused-variable]
  108 |   void data = current->data
      |        ^~~~
list.c: In function ‘createList’:
list.c:39:1: error: control reaches end of non-void function [-Werror=return-type]
   39 | }
      | ^
cc1: all warnings being treated as errors
Compilation failed
8cc9fbb
